0 info it worked if it ends with ok
1 verbose cli [ '/usr/bin/node', '/usr/bin/npm', 'run', 'ground' ]
2 info using npm@3.5.2
3 info using node@v8.10.0
4 verbose run-script [ 'preground', 'ground', 'postground' ]
5 info lifecycle ryd_share@1.0.0~preground: ryd_share@1.0.0
6 silly lifecycle ryd_share@1.0.0~preground: no script for preground, continuing
7 info lifecycle ryd_share@1.0.0~ground: ryd_share@1.0.0
8 verbose lifecycle ryd_share@1.0.0~ground: unsafe-perm in lifecycle true
9 verbose lifecycle ryd_share@1.0.0~ground: PATH: /usr/share/npm/bin/node-gyp-bin:/home/locoust/Documents/yhacks/ryd_share/node_modules/.bin:/usr/share/npm/bin/node-gyp-bin:/home/locoust/Documents/yhacks/ryd_share/node_modules/.bin:/home/locoust/.cargo/bin:/usr/local/sbin:/usr/local/bin:/usr/sbin:/usr/bin:/sbin:/bin:/usr/games:/usr/local/games:/snap/bin
10 verbose lifecycle ryd_share@1.0.0~ground: CWD: /home/locoust/Documents/yhacks/ryd_share
11 silly lifecycle ryd_share@1.0.0~ground: Args: [ '-c', 'cd ryd_share_ground/server && npm start' ]
12 silly lifecycle ryd_share@1.0.0~ground: Returned: code: 2  signal: null
13 info lifecycle ryd_share@1.0.0~ground: Failed to exec ground script
14 verbose stack Error: ryd_share@1.0.0 ground: `cd ryd_share_ground/server && npm start`
14 verbose stack Exit status 2
14 verbose stack     at EventEmitter.<anonymous> (/usr/share/npm/lib/utils/lifecycle.js:232:16)
14 verbose stack     at emitTwo (events.js:126:13)
14 verbose stack     at EventEmitter.emit (events.js:214:7)
14 verbose stack     at ChildProcess.<anonymous> (/usr/share/npm/lib/utils/spawn.js:24:14)
14 verbose stack     at emitTwo (events.js:126:13)
14 verbose stack     at ChildProcess.emit (events.js:214:7)
14 verbose stack     at maybeClose (internal/child_process.js:925:16)
14 verbose stack     at Process.ChildProcess._handle.onexit (internal/child_process.js:209:5)
15 verbose pkgid ryd_share@1.0.0
16 verbose cwd /home/locoust/Documents/yhacks/ryd_share
17 error Linux 4.15.0-39-generic
18 error argv "/usr/bin/node" "/usr/bin/npm" "run" "ground"
19 error node v8.10.0
20 error npm  v3.5.2
21 error code ELIFECYCLE
22 error ryd_share@1.0.0 ground: `cd ryd_share_ground/server && npm start`
22 error Exit status 2
23 error Failed at the ryd_share@1.0.0 ground script 'cd ryd_share_ground/server && npm start'.
23 error Make sure you have the latest version of node.js and npm installed.
23 error If you do, this is most likely a problem with the ryd_share package,
23 error not with npm itself.
23 error Tell the author that this fails on your system:
23 error     cd ryd_share_ground/server && npm start
23 error You can get information on how to open an issue for this project with:
23 error     npm bugs ryd_share
23 error Or if that isn't available, you can get their info via:
23 error     npm owner ls ryd_share
23 error There is likely additional logging output above.
24 verbose exit [ 1, true ]
